<?xml version="1.0" encoding="UTF-8"?>
<testsuite xmlns:xsi="http://www.w3.org/2001/XMLSchema-instance" xsi:noNamespaceSchemaLocation="https://maven.apache.org/surefire/maven-surefire-plugin/xsd/surefire-test-report-3.0.xsd" version="3.0" name="com.mycompany.exercicijunit_alejandro_lopez.UserValidatorTest" time="0.131" tests="14" errors="0" skipped="0" failures="0">
  <properties>
[...]
</properties>
  <testcase name="testValidaDNI1" classname="com.mycompany.exercicijunit_alejandro_lopez.UserValidatorTest" time="0.048">
    <system-out><![CDATA[validaDNI - Cas 1
]]></system-out>
  </testcase>
  <testcase name="testValidaDNI2" classname="com.mycompany.exercicijunit_alejandro_lopez.UserValidatorTest" time="0.003">
    <system-out><![CDATA[validaDNI - Cas 2
]]></system-out>
  </testcase>
  <testcase name="testValidaDNI3" classname="com.mycompany.exercicijunit_alejandro_lopez.UserValidatorTest" time="0.004">
    <system-out><![CDATA[validaDNI - Cas 3
]]></system-out>
  </testcase>
  <testcase name="testValidaDNI4" classname="com.mycompany.exercicijunit_alejandro_lopez.UserValidatorTest" time="0.002">
    <system-out><![CDATA[validaDNI - Cas 4
]]></system-out>
  </testcase>
  <testcase name="testValidaDNI5" classname="com.mycompany.exercicijunit_alejandro_lopez.UserValidatorTest" time="0.002">
    <system-out><![CDATA[validaDNI - Cas 5
]]></system-out>
  </testcase>
  <testcase name="testValidaDNI6" classname="com.mycompany.exercicijunit_alejandro_lopez.UserValidatorTest" time="0.001">
    <system-out><![CDATA[validaDNI - Cas 6
]]></system-out>
  </testcase>
  <testcase name="testValidaNIA1" classname="com.mycompany.exercicijunit_alejandro_lopez.UserValidatorTest" time="0.002">
    <system-out><![CDATA[validaNIA - Cas 1
]]></system-out>
  </testcase>
  <testcase name="testValidaNIA2" classname="com.mycompany.exercicijunit_alejandro_lopez.UserValidatorTest" time="0.003">
    <system-out><![CDATA[validaNIA - Cas 2
]]></system-out>
  </testcase>
  <testcase name="testValidaNIA3" classname="com.mycompany.exercicijunit_alejandro_lopez.UserValidatorTest" time="0.001">
    <system-out><![CDATA[validaNIA - Cas 3
]]></system-out>
  </testcase>
  <testcase name="testValidaNIA4" classname="com.mycompany.exercicijunit_alejandro_lopez.UserValidatorTest" time="0.002">
    <system-out><![CDATA[validaNIA - Cas 4
]]></system-out>
  </testcase>
  <testcase name="testValidaUsuario1" classname="com.mycompany.exercicijunit_alejandro_lopez.UserValidatorTest" time="0.002">
    <system-out><![CDATA[validaUsuario - Cas 1
]]></system-out>
  </testcase>
  <testcase name="testValidaUsuario2" classname="com.mycompany.exercicijunit_alejandro_lopez.UserValidatorTest" time="0.002">
    <system-out><![CDATA[validaUsuario - Cas 2
]]></system-out>
  </testcase>
  <testcase name="testValidaUsuario3" classname="com.mycompany.exercicijunit_alejandro_lopez.UserValidatorTest" time="0.002">
    <system-out><![CDATA[validaUsuario - Cas 3
]]></system-out>
  </testcase>
  <testcase name="testValidaUsuario4" classname="com.mycompany.exercicijunit_alejandro_lopez.UserValidatorTest" time="0.001">
    <system-out><![CDATA[validaUsuario - Cas 4
]]></system-out>
  </testcase>
</testsuite>